0 info it worked if it ends with ok
1 verbose cli [ '/Users/mikecarter/.nvm/versions/node/v6.9.1/bin/node',
1 verbose cli   '/Users/mikecarter/.nvm/versions/node/v6.9.1/bin/npm',
1 verbose cli   'run',
1 verbose cli   'deploy' ]
2 info using npm@3.10.8
3 info using node@v6.9.1
4 verbose run-script [ 'predeploy', 'deploy', 'postdeploy' ]
5 info lifecycle leaf@1.0.0~predeploy: leaf@1.0.0
6 silly lifecycle leaf@1.0.0~predeploy: no script for predeploy, continuing
7 info lifecycle leaf@1.0.0~deploy: leaf@1.0.0
8 verbose lifecycle leaf@1.0.0~deploy: unsafe-perm in lifecycle true
9 verbose lifecycle leaf@1.0.0~deploy: PATH: /Users/mikecarter/.nvm/versions/node/v6.9.1/lib/node_modules/npm/bin/node-gyp-bin:/Users/mikecarter/Code/leaf-site/node_modules/.bin:/Users/mikecarter/.nvm/versions/node/v6.9.1/bin:/Users/mikecarter/.rvm/gems/ruby-2.2.2/bin:/Users/mikecarter/.rvm/gems/ruby-2.2.2@global/bin:/Users/mikecarter/.rvm/rubies/ruby-2.2.2/bin:/Users/mikecarter/.local/bin:/Users/mikecarter/Library/Android/sdk/tools:/usr/local/bin:/usr/bin:/bin:/usr/sbin:/sbin:/Users/mikecarter/.rvm/bin:/Users/mikecarter/bin
10 verbose lifecycle leaf@1.0.0~deploy: CWD: /Users/mikecarter/Code/leaf-site
11 silly lifecycle leaf@1.0.0~deploy: Args: [ '-c',
11 silly lifecycle   'NODE_ENV=production node_modules/webpack/bin/webpack.js --progress --hide-modules --config=node_modules/laravel-mix/setup/webpack.config.js && gh-pages -d dist' ]
12 silly lifecycle leaf@1.0.0~deploy: Returned: code: 2  signal: null
13 info lifecycle leaf@1.0.0~deploy: Failed to exec deploy script
14 verbose stack Error: leaf@1.0.0 deploy: `NODE_ENV=production node_modules/webpack/bin/webpack.js --progress --hide-modules --config=node_modules/laravel-mix/setup/webpack.config.js && gh-pages -d dist`
14 verbose stack Exit status 2
14 verbose stack     at EventEmitter.<anonymous> (/Users/mikecarter/.nvm/versions/node/v6.9.1/lib/node_modules/npm/lib/utils/lifecycle.js:255:16)
14 verbose stack     at emitTwo (events.js:106:13)
14 verbose stack     at EventEmitter.emit (events.js:191:7)
14 verbose stack     at ChildProcess.<anonymous> (/Users/mikecarter/.nvm/versions/node/v6.9.1/lib/node_modules/npm/lib/utils/spawn.js:40:14)
14 verbose stack     at emitTwo (events.js:106:13)
14 verbose stack     at ChildProcess.emit (events.js:191:7)
14 verbose stack     at maybeClose (internal/child_process.js:877:16)
14 verbose stack     at Process.ChildProcess._handle.onexit (internal/child_process.js:226:5)
15 verbose pkgid leaf@1.0.0
16 verbose cwd /Users/mikecarter/Code/leaf-site/src/assets/images
17 error Darwin 18.2.0
18 error argv "/Users/mikecarter/.nvm/versions/node/v6.9.1/bin/node" "/Users/mikecarter/.nvm/versions/node/v6.9.1/bin/npm" "run" "deploy"
19 error node v6.9.1
20 error npm  v3.10.8
21 error code ELIFECYCLE
22 error leaf@1.0.0 deploy: `NODE_ENV=production node_modules/webpack/bin/webpack.js --progress --hide-modules --config=node_modules/laravel-mix/setup/webpack.config.js && gh-pages -d dist`
22 error Exit status 2
23 error Failed at the leaf@1.0.0 deploy script 'NODE_ENV=production node_modules/webpack/bin/webpack.js --progress --hide-modules --config=node_modules/laravel-mix/setup/webpack.config.js && gh-pages -d dist'.
23 error Make sure you have the latest version of node.js and npm installed.
23 error If you do, this is most likely a problem with the leaf package,
23 error not with npm itself.
23 error Tell the author that this fails on your system:
23 error     NODE_ENV=production node_modules/webpack/bin/webpack.js --progress --hide-modules --config=node_modules/laravel-mix/setup/webpack.config.js && gh-pages -d dist
23 error You can get information on how to open an issue for this project with:
23 error     npm bugs leaf
23 error Or if that isn't available, you can get their info via:
23 error     npm owner ls leaf
23 error There is likely additional logging output above.
24 verbose exit [ 1, true ]
